<?xml version="1.0" encoding="UTF-8"?>
<testsuite xmlns:xsi="http://www.w3.org/2001/XMLSchema-instance" xsi:noNamespaceSchemaLocation="https://maven.apache.org/surefire/maven-surefire-plugin/xsd/surefire-test-report-3.0.xsd" version="3.0" name="com.snapcloud.api.SnapCloudApplicationTests" time="5.49" tests="1" errors="0" skipped="0" failures="0">
  <properties>
[...]
</properties>
  <testcase name="contextLoads" classname="com.snapcloud.api.SnapCloudApplicationTests" time="0.511">
    <system-out><![CDATA[Standard Commons Logging discovery in action with spring-jcl: please remove commons-logging.jar from classpath in order to avoid potential conflicts
14:15:16.586 [main] INFO org.springframework.test.context.support.AnnotationConfigContextLoaderUtils -- Could not detect default configuration classes for test class [com.snapcloud.api.SnapCloudApplicationTests]: SnapCloudApplicationTests does not declare any static, non-private, non-final, nested classes annotated with @Configuration.
14:15:16.678 [main] INFO org.springframework.boot.test.context.SpringBootTestContextBootstrapper -- Found @SpringBootConfiguration com.snapcloud.api.SnapCloudApplication for test class com.snapcloud.api.SnapCloudApplicationTests

  .   ____          _            __ _ _
 /\\ / ___'_ __ _ _(_)_ __  __ _ \ \ \ \
( ( )\___ | '_ | '_| | '_ \/ _` | \ \ \ \
 \\/  ___)| |_)| | | | | || (_| |  ) ) ) )
  '  |____| .__|_| |_|_| |_\__, | / / / /
 =========|_|==============|___/=/_/_/_/

 :: Spring Boot ::                (v3.3.6)

2026-01-02T14:15:17.156+05:30  INFO 4552 --- [snapcloud-api] [           main] c.s.api.SnapCloudApplicationTests        : Starting SnapCloudApplicationTests using Java 17.0.6 with PID 4552 (started by Buddhi in D:\nethushi\SnapCloud)
2026-01-02T14:15:17.158+05:30  INFO 4552 --- [snapcloud-api] [           main] c.s.api.SnapCloudApplicationTests        : The following 1 profile is active: "test"
2026-01-02T14:15:17.913+05:30  INFO 4552 --- [snapcloud-api] [           main] .s.d.r.c.RepositoryConfigurationDelegate : Bootstrapping Spring Data JPA repositories in DEFAULT mode.
2026-01-02T14:15:17.936+05:30  INFO 4552 --- [snapcloud-api] [           main] .s.d.r.c.RepositoryConfigurationDelegate : Finished Spring Data repository scanning in 14 ms. Found 0 JPA repository interfaces.
2026-01-02T14:15:18.464+05:30  INFO 4552 --- [snapcloud-api] [           main] o.hibernate.jpa.internal.util.LogHelper  : HHH000204: Processing PersistenceUnitInfo [name: default]
2026-01-02T14:15:18.558+05:30  INFO 4552 --- [snapcloud-api] [           main] org.hibernate.Version                    : HHH000412: Hibernate ORM core version 6.5.3.Final
2026-01-02T14:15:18.608+05:30  INFO 4552 --- [snapcloud-api] [           main] o.h.c.internal.RegionFactoryInitiator    : HHH000026: Second-level cache disabled
2026-01-02T14:15:19.043+05:30  INFO 4552 --- [snapcloud-api] [           main] o.s.o.j.p.SpringPersistenceUnitInfo      : No LoadTimeWeaver setup: ignoring JPA class transformer
2026-01-02T14:15:19.079+05:30  INFO 4552 --- [snapcloud-api] [           main] com.zaxxer.hikari.HikariDataSource       : HikariPool-1 - Starting...
2026-01-02T14:15:19.346+05:30  INFO 4552 --- [snapcloud-api] [           main] com.zaxxer.hikari.pool.HikariPool        : HikariPool-1 - Added connection conn0: url=jdbc:h2:mem:snapcloud_test user=SA
2026-01-02T14:15:19.347+05:30  INFO 4552 --- [snapcloud-api] [           main] com.zaxxer.hikari.HikariDataSource       : HikariPool-1 - Start completed.
2026-01-02T14:15:19.364+05:30  WARN 4552 --- [snapcloud-api] [           main] org.hibernate.orm.deprecation            : HHH90000025: H2Dialect does not need to be specified explicitly using 'hibernate.dialect' (remove the property setting and it will be selected by default)
2026-01-02T14:15:20.321+05:30  INFO 4552 --- [snapcloud-api] [           main] o.h.e.t.j.p.i.JtaPlatformInitiator       : HHH000489: No JTA platform available (set 'hibernate.transaction.jta.platform' to enable JTA platform integration)
2026-01-02T14:15:20.336+05:30 DEBUG 4552 --- [snapcloud-api] [           main] org.hibernate.SQL                        : 
    drop table if exists api_keys cascade 
2026-01-02T14:15:20.349+05:30 DEBUG 4552 --- [snapcloud-api] [           main] org.hibernate.SQL                        : 
    drop table if exists images cascade 
2026-01-02T14:15:20.349+05:30 DEBUG 4552 --- [snapcloud-api] [           main] org.hibernate.SQL                        : 
    drop table if exists payments cascade 
2026-01-02T14:15:20.350+05:30 DEBUG 4552 --- [snapcloud-api] [           main] org.hibernate.SQL                        : 
    drop table if exists plans cascade 
2026-01-02T14:15:20.350+05:30 DEBUG 4552 --- [snapcloud-api] [           main] org.hibernate.SQL                        : 
    drop table if exists subscriptions cascade 
2026-01-02T14:15:20.350+05:30 DEBUG 4552 --- [snapcloud-api] [           main] org.hibernate.SQL                        : 
    drop table if exists usage_entries cascade 
2026-01-02T14:15:20.350+05:30 DEBUG 4552 --- [snapcloud-api] [           main] org.hibernate.SQL                        : 
    drop table if exists users cascade 
2026-01-02T14:15:20.354+05:30 DEBUG 4552 --- [snapcloud-api] [           main] org.hibernate.SQL                        : 
    create table api_keys (
        active boolean not null,
        created_at timestamp(6) with time zone not null,
        id bigint generated by default as identity,
        plan_id bigint,
        revoked_at timestamp(6) with time zone,
        user_id bigint not null,
        name varchar(100) not null,
        key_hash varchar(200) not null,
        primary key (id)
    )
2026-01-02T14:15:20.366+05:30 DEBUG 4552 --- [snapcloud-api] [           main] org.hibernate.SQL                        : 
    create table images (
        created_at timestamp(6) with time zone not null,
        id bigint generated by default as identity,
        size_bytes bigint not null,
        user_id bigint not null,
        public_id uuid not null unique,
        content_type varchar(120) not null,
        original_filename varchar(400) not null,
        cdn_url varchar(600),
        s3bucket varchar(600),
        s3key varchar(600) not null,
        primary key (id)
    )
2026-01-02T14:15:20.370+05:30 DEBUG 4552 --- [snapcloud-api] [           main] org.hibernate.SQL                        : 
    create table payments (
        amount numeric(12,2) not null,
        currency varchar(3) not null,
        created_at timestamp(6) with time zone not null,
        id bigint generated by default as identity,
        subscription_id bigint,
        user_id bigint not null,
        stripe_charge_id varchar(200),
        stripe_payment_intent_id varchar(200),
        status enum ('CANCELED','FAILED','PROCESSING','REQUIRES_CONFIRMATION','REQUIRES_PAYMENT_METHOD','SUCCEEDED') not null,
        primary key (id),
        constraint idx_payments_stripe_payment_intent unique (stripe_payment_intent_id)
    )
2026-01-02T14:15:20.373+05:30 DEBUG 4552 --- [snapcloud-api] [           main] org.hibernate.SQL                        : 
    create table plans (
        monthly_price numeric(12,2) not null,
        created_at timestamp(6) with time zone not null,
        id bigint generated by default as identity,
        monthly_upload_limit_bytes bigint not null,
        storage_limit_bytes bigint not null,
        name varchar(120) not null,
        stripe_price_id varchar(200),
        type enum ('BUSINESS','FREE','PRO') not null unique,
        primary key (id)
    )
2026-01-02T14:15:20.374+05:30 DEBUG 4552 --- [snapcloud-api] [           main] org.hibernate.SQL                        : 
    create table subscriptions (
        canceled_at timestamp(6) with time zone,
        created_at timestamp(6) with time zone not null,
        current_period_end timestamp(6) with time zone,
        current_period_start timestamp(6) with time zone,
        id bigint generated by default as identity,
        plan_id bigint not null,
        user_id bigint not null,
        stripe_customer_id varchar(200),
        stripe_subscription_id varchar(200),
        status enum ('ACTIVE','CANCELED','PAST_DUE') not null,
        primary key (id)
    )
2026-01-02T14:15:20.375+05:30 DEBUG 4552 --- [snapcloud-api] [           main] org.hibernate.SQL                        : 
    create table usage_entries (
        api_requests bigint not null,
        created_at timestamp(6) with time zone not null,
        id bigint generated by default as identity,
        period_end timestamp(6) with time zone not null,
        period_start timestamp(6) with time zone not null,
        storage_used_bytes bigint not null,
        upload_bytes bigint not null,
        user_id bigint not null,
        primary key (id)
    )
2026-01-02T14:15:20.376+05:30 DEBUG 4552 --- [snapcloud-api] [           main] org.hibernate.SQL                        : 
    create table users (
        email_verified boolean not null,
        created_at timestamp(6) with time zone not null,
        id bigint generated by default as identity,
        password_hash varchar(120) not null,
        email varchar(320) not null unique,
        primary key (id)
    )
2026-01-02T14:15:20.377+05:30 DEBUG 4552 --- [snapcloud-api] [           main] org.hibernate.SQL                        : 
    create index idx_images_user_id 
       on images (user_id)
2026-01-02T14:15:20.378+05:30 DEBUG 4552 --- [snapcloud-api] [           main] org.hibernate.SQL                        : 
    create index idx_payments_user_id 
       on payments (user_id)
2026-01-02T14:15:20.378+05:30 DEBUG 4552 --- [snapcloud-api] [           main] org.hibernate.SQL                        : 
    create index idx_usage_user_id 
       on usage_entries (user_id)
2026-01-02T14:15:20.379+05:30 DEBUG 4552 --- [snapcloud-api] [           main] org.hibernate.SQL                        : 
    create index idx_usage_period_start 
       on usage_entries (period_start)
2026-01-02T14:15:20.379+05:30 DEBUG 4552 --- [snapcloud-api] [           main] org.hibernate.SQL                        : 
    alter table if exists api_keys 
       add constraint FKihupice850abk5ks1kxvrvj59 
       foreign key (plan_id) 
       references plans
2026-01-02T14:15:20.389+05:30 DEBUG 4552 --- [snapcloud-api] [           main] org.hibernate.SQL                        : 
    alter table if exists api_keys 
       add constraint FK89d4ddye91twgmx31epv7ro7h 
       foreign key (user_id) 
       references users
2026-01-02T14:15:20.390+05:30 DEBUG 4552 --- [snapcloud-api] [           main] org.hibernate.SQL                        : 
    alter table if exists images 
       add constraint FK13ljqfrfwbyvnsdhihwta8cpr 
       foreign key (user_id) 
       references users
2026-01-02T14:15:20.391+05:30 DEBUG 4552 --- [snapcloud-api] [           main] org.hibernate.SQL                        : 
    alter table if exists payments 
       add constraint FKa3xnf2o6mt8cqbewvq2ouq3rq 
       foreign key (subscription_id) 
       references subscriptions
2026-01-02T14:15:20.392+05:30 DEBUG 4552 --- [snapcloud-api] [           main] org.hibernate.SQL                        : 
    alter table if exists payments 
       add constraint FKj94hgy9v5fw1munb90tar2eje 
       foreign key (user_id) 
       references users
2026-01-02T14:15:20.393+05:30 DEBUG 4552 --- [snapcloud-api] [           main] org.hibernate.SQL                        : 
    alter table if exists subscriptions 
       add constraint FKb1uf5qnxi6uj95se8ykydntl1 
       foreign key (plan_id) 
       references plans
2026-01-02T14:15:20.394+05:30 DEBUG 4552 --- [snapcloud-api] [           main] org.hibernate.SQL                        : 
    alter table if exists subscriptions 
       add constraint FKhro52ohfqfbay9774bev0qinr 
       foreign key (user_id) 
       references users
2026-01-02T14:15:20.395+05:30 DEBUG 4552 --- [snapcloud-api] [           main] org.hibernate.SQL                        : 
    alter table if exists usage_entries 
       add constraint FKqk1o7ib8b5fhphya2yubgwjcb 
       foreign key (user_id) 
       references users
2026-01-02T14:15:20.399+05:30  INFO 4552 --- [snapcloud-api] [           main] j.LocalContainerEntityManagerFactoryBean : Initialized JPA EntityManagerFactory for persistence unit 'default'
2026-01-02T14:15:21.163+05:30  WARN 4552 --- [snapcloud-api] [           main] .s.s.UserDetailsServiceAutoConfiguration : 

Using generated security password: 128037fb-9893-46dc-a40c-40a73213fe4e

This generated password is for development use only. Your security configuration must be updated before running your application in production.

2026-01-02T14:15:21.193+05:30  INFO 4552 --- [snapcloud-api] [           main] r$InitializeUserDetailsManagerConfigurer : Global AuthenticationManager configured with UserDetailsService bean with name inMemoryUserDetailsManager
2026-01-02T14:15:21.377+05:30  INFO 4552 --- [snapcloud-api] [           main] c.s.api.SnapCloudApplicationTests        : Started SnapCloudApplicationTests in 4.534 seconds (process running for 5.485)
]]></system-out>
  </testcase>
</testsuite>